<?xml version="1.0" encoding="UTF-8"?>
<testng-results ignored="0" total="5" passed="4" failed="1" skipped="0">
  <reporter-output>
  </reporter-output>
  <suite started-at="2022-08-21T14:24:15 IST" name="Default suite" finished-at="2022-08-21T14:26:41 IST" duration-ms="145229">
    <groups>
    </groups>
    <test started-at="2022-08-21T14:24:15 IST" name="Default test" finished-at="2022-08-21T14:26:41 IST" duration-ms="145229">
      <class name="propertiesPackage.NewTest">
        <test-method is-config="true" signature="beforeTest_setup()[pri:0, instance:propertiesPackage.NewTest@201a4587]" started-at="2022-08-21T14:24:15 IST" name="beforeTest_setup" finished-at="2022-08-21T14:24:18 IST" duration-ms="3027" status="PASS">
          <reporter-output>
          </reporter-output>
        </test-method> <!-- beforeTest_setup -->
        <test-method signature="selectLanguage_Test()[pri:1, instance:propertiesPackage.NewTest@201a4587]" started-at="2022-08-21T14:24:18 IST" name="selectLanguage_Test" finished-at="2022-08-21T14:24:33 IST" duration-ms="14572" status="PASS">
          <reporter-output>
          </reporter-output>
        </test-method> <!-- selectLanguage_Test -->
        <test-method signature="verify_Thumbnail_Links()[pri:2, instance:propertiesPackage.NewTest@201a4587]" started-at="2022-08-21T14:24:33 IST" name="verify_Thumbnail_Links" finished-at="2022-08-21T14:25:05 IST" duration-ms="31879" status="FAIL">
          <exception class="java.lang.AssertionError">
            <message>
              <![CDATA[The following asserts failed:
Broken link :https://thesportstak.com/soccer-video/gokulam-kerala-confirm-they-cannot-play-in-afc-women%E2%80%99s-club-championship-football-sports-today : 404 expected [true] but found [false]]]>
            </message>
            <full-stacktrace>
              <![CDATA[java.lang.AssertionError: The following asserts failed:
Broken link :https://thesportstak.com/soccer-video/gokulam-kerala-confirm-they-cannot-play-in-afc-women%E2%80%99s-club-championship-football-sports-today : 404 expected [true] but found [false]
at org.testng.asserts.SoftAssert.assertAll(SoftAssert.java:47)
at org.testng.asserts.SoftAssert.assertAll(SoftAssert.java:31)
at pageObjects.HomePage.validate_BrokenLink_HomePage(HomePage.java:133)
at propertiesPackage.NewTest.verify_Thumbnail_Links(NewTest.java:90)
at java.base/jdk.internal.reflect.NativeMethodAccessorImpl.invoke0(Native Method)
at java.base/jdk.internal.reflect.NativeMethodAccessorImpl.invoke(NativeMethodAccessorImpl.java:78)
at java.base/jdk.internal.reflect.DelegatingMethodAccessorImpl.invoke(DelegatingMethodAccessorImpl.java:43)
at java.base/java.lang.reflect.Method.invoke(Method.java:567)
at org.testng.internal.MethodInvocationHelper.invokeMethod(MethodInvocationHelper.java:133)
at org.testng.internal.TestInvoker.invokeMethod(TestInvoker.java:598)
at org.testng.internal.TestInvoker.invokeTestMethod(TestInvoker.java:173)
at org.testng.internal.MethodRunner.runInSequence(MethodRunner.java:46)
at org.testng.internal.TestInvoker$MethodInvocationAgent.invoke(TestInvoker.java:824)
at org.testng.internal.TestInvoker.invokeTestMethods(TestInvoker.java:146)
at org.testng.internal.TestMethodWorker.invokeTestMethods(TestMethodWorker.java:146)
at org.testng.internal.TestMethodWorker.run(TestMethodWorker.java:128)
at java.base/java.util.ArrayList.forEach(ArrayList.java:1511)
at org.testng.TestRunner.privateRun(TestRunner.java:794)
at org.testng.TestRunner.run(TestRunner.java:596)
at org.testng.SuiteRunner.runTest(SuiteRunner.java:377)
at org.testng.SuiteRunner.runSequentially(SuiteRunner.java:371)
at org.testng.SuiteRunner.privateRun(SuiteRunner.java:332)
at org.testng.SuiteRunner.run(SuiteRunner.java:276)
at org.testng.SuiteRunnerWorker.runSuite(SuiteRunnerWorker.java:53)
at org.testng.SuiteRunnerWorker.run(SuiteRunnerWorker.java:96)
at org.testng.TestNG.runSuitesSequentially(TestNG.java:1212)
at org.testng.TestNG.runSuitesLocally(TestNG.java:1134)
at org.testng.TestNG.runSuites(TestNG.java:1063)
at org.testng.TestNG.run(TestNG.java:1031)
at org.testng.remote.AbstractRemoteTestNG.run(AbstractRemoteTestNG.java:115)
at org.testng.remote.RemoteTestNG.initAndRun(RemoteTestNG.java:251)
at org.testng.remote.RemoteTestNG.main(RemoteTestNG.java:77)
]]>
            </full-stacktrace>
          </exception> <!-- java.lang.AssertionError -->
          <reporter-output>
          </reporter-output>
        </test-method> <!-- verify_Thumbnail_Links -->
        <test-method signature="Cricket_Test()[pri:3, instance:propertiesPackage.NewTest@201a4587]" started-at="2022-08-21T14:25:05 IST" name="Cricket_Test" finished-at="2022-08-21T14:25:38 IST" duration-ms="33315" status="PASS">
          <reporter-output>
          </reporter-output>
        </test-method> <!-- Cricket_Test -->
        <test-method signature="select_Theme()[pri:4, instance:propertiesPackage.NewTest@201a4587]" started-at="2022-08-21T14:25:38 IST" name="select_Theme" finished-at="2022-08-21T14:25:48 IST" duration-ms="9663" status="PASS">
          <reporter-output>
          </reporter-output>
        </test-method> <!-- select_Theme -->
        <test-method signature="Webstories_Test1()[pri:5, instance:propertiesPackage.NewTest@201a4587]" started-at="2022-08-21T14:25:48 IST" name="Webstories_Test1" finished-at="2022-08-21T14:26:41 IST" duration-ms="52728" status="PASS">
          <reporter-output>
          </reporter-output>
        </test-method> <!-- Webstories_Test1 -->
      </class> <!-- propertiesPackage.NewTest -->
    </test> <!-- Default test -->
  </suite> <!-- Default suite -->
</testng-results>
