<?xml version="1.0" encoding="UTF-8"?>
<!-- Generated by org.testng.reporters.JUnitXMLReporter -->
<testsuite ignored="0" hostname="LAPTOP-00TCO18I" failures="1" tests="5" name="Default test" time="145.229" errors="0" timestamp="2022-08-21T14:26:41 IST">
  <testcase classname="propertiesPackage.NewTest" name="selectLanguage_Test" time="14.572"/>
  <testcase classname="propertiesPackage.NewTest" name="verify_Thumbnail_Links" time="31.879">
    <failure type="java.lang.AssertionError" message="The following asserts failed:
	Broken link :https://thesportstak.com/soccer-video/gokulam-kerala-confirm-they-cannot-play-in-afc-women%E2%80%99s-club-championship-football-sports-today : 404 expected [true] but found [false]">
      <![CDATA[java.lang.AssertionError: The following asserts failed:
Broken link :https://thesportstak.com/soccer-video/gokulam-kerala-confirm-they-cannot-play-in-afc-women%E2%80%99s-club-championship-football-sports-today : 404 expected [true] but found [false]
at org.testng.asserts.SoftAssert.assertAll(SoftAssert.java:47)
at org.testng.asserts.SoftAssert.assertAll(SoftAssert.java:31)
at pageObjects.HomePage.validate_BrokenLink_HomePage(HomePage.java:133)
at propertiesPackage.NewTest.verify_Thumbnail_Links(NewTest.java:90)
at java.base/jdk.internal.reflect.NativeMethodAccessorImpl.invoke0(Native Method)
at java.base/jdk.internal.reflect.NativeMethodAccessorImpl.invoke(NativeMethodAccessorImpl.java:78)
at java.base/jdk.internal.reflect.DelegatingMethodAccessorImpl.invoke(DelegatingMethodAccessorImpl.java:43)
at java.base/java.lang.reflect.Method.invoke(Method.java:567)
at org.testng.internal.MethodInvocationHelper.invokeMethod(MethodInvocationHelper.java:133)
at org.testng.internal.TestInvoker.invokeMethod(TestInvoker.java:598)
at org.testng.internal.TestInvoker.invokeTestMethod(TestInvoker.java:173)
at org.testng.internal.MethodRunner.runInSequence(MethodRunner.java:46)
at org.testng.internal.TestInvoker$MethodInvocationAgent.invoke(TestInvoker.java:824)
at org.testng.internal.TestInvoker.invokeTestMethods(TestInvoker.java:146)
at org.testng.internal.TestMethodWorker.invokeTestMethods(TestMethodWorker.java:146)
at org.testng.internal.TestMethodWorker.run(TestMethodWorker.java:128)
at java.base/java.util.ArrayList.forEach(ArrayList.java:1511)
at org.testng.TestRunner.privateRun(TestRunner.java:794)
at org.testng.TestRunner.run(TestRunner.java:596)
at org.testng.SuiteRunner.runTest(SuiteRunner.java:377)
at org.testng.SuiteRunner.runSequentially(SuiteRunner.java:371)
at org.testng.SuiteRunner.privateRun(SuiteRunner.java:332)
at org.testng.SuiteRunner.run(SuiteRunner.java:276)
at org.testng.SuiteRunnerWorker.runSuite(SuiteRunnerWorker.java:53)
at org.testng.SuiteRunnerWorker.run(SuiteRunnerWorker.java:96)
at org.testng.TestNG.runSuitesSequentially(TestNG.java:1212)
at org.testng.TestNG.runSuitesLocally(TestNG.java:1134)
at org.testng.TestNG.runSuites(TestNG.java:1063)
at org.testng.TestNG.run(TestNG.java:1031)
at org.testng.remote.AbstractRemoteTestNG.run(AbstractRemoteTestNG.java:115)
at org.testng.remote.RemoteTestNG.initAndRun(RemoteTestNG.java:251)
at org.testng.remote.RemoteTestNG.main(RemoteTestNG.java:77)
]]>
    </failure>
  </testcase> <!-- verify_Thumbnail_Links -->
  <testcase classname="propertiesPackage.NewTest" name="Cricket_Test" time="33.315"/>
  <testcase classname="propertiesPackage.NewTest" name="select_Theme" time="9.663"/>
  <testcase classname="propertiesPackage.NewTest" name="Webstories_Test1" time="52.728"/>
</testsuite> <!-- Default test -->
